<?xml version="1.0" encoding="UTF-8"?>
<!-- Generated by org.testng.reporters.JUnitXMLReporter -->
<testsuite ignored="0" hostname="PTPLL826" failures="0" tests="6" name="Default test" time="29.59" errors="0" timestamp="2024-12-11T14:05:43 IST">
  <testcase classname="Demoblaze.Demoblaze" name="Register" time="5.537"/>
  <testcase classname="Demoblaze.Demoblaze" name="Login" time="4.626"/>
  <testcase classname="Demoblaze.Demoblaze" name="HasItems" time="0.125"/>
  <testcase classname="Demoblaze.Demoblaze" name="AddRandToCart" time="6.127"/>
  <testcase classname="Demoblaze.Demoblaze" name="RemoveItem" time="4.897"/>
  <testcase classname="Demoblaze.Demoblaze" name="CompleteCheckout" time="4.659"/>
</testsuite> <!-- Default test -->
